[2021.03.10 at 16:51:36 1 miras210 ROLE_ADMIN]
[2021.03.10 at 16:51:49 2 sungat ROLE_USER]
[2021.03.10 at 17:16:43 1 miras210 ROLE_ADMIN]
[2021.03.10 at 21:56:29 1 miras210 ROLE_ADMIN]
[2021.03.10 at 21:58:09 2 sungat ROLE_USER]
[2021.03.10 at 21:58:35 1 miras210 ROLE_ADMIN]
[2021.03.10 at 22:10:17 1 miras210 ROLE_ADMIN]
[2021.03.10 at 22:10:27 28 alem ROLE_USER]
[2021.03.10 at 22:16:22 1 miras210 ROLE_ADMIN]
[2021.03.10 at 22:16:26 28 alem ROLE_USER]
[2021.03.10 at 17:25:59 2 SeizenPass ROLE_USER]
[2021.03.10 at 17:26:11 2 SeizenPass ROLE_USER]
[2021.03.10 at 17:41:45 2 SeizenPass ROLE_USER]
[2021.03.10 at 17:46:24 2 SeizenPass ROLE_USER]
[2021.03.10 at 17:51:26 2 SeizenPass ROLE_USER]
[2021.03.10 at 17:57:35 3 er ROLE_ADMIN]
[2021.03.10 at 18:34:54 2 SeizenPass ROLE_USER]
[2021.03.10 at 22:20:36 1 miras210 ROLE_ADMIN]
[2021.03.10 at 22:20:48 28 alem ROLE_USER]
[2021.03.10 at 22:21:11 1 miras210 ROLE_ADMIN]
[2021.03.10 at 22:21:21 28 alem ROLE_USER]
[2021.03.10 at 23:04:58 1 miras210 ROLE_ADMIN]
[2021.03.10 at 23:05:25 28 alem ROLE_USER]
